<?xml version="1.0" encoding="UTF-8"?>
<testsuite name="Cucumber" time="0.463" tests="1" skipped="0" failures="0" errors="0">
<testcase classname="To test the login functionality" name="Check login is successfull with valid credentials" time="0.038">
<system-out><![CDATA[
Given user is on the login page.............................................passed
When User enters valid id and pwd...........................................passed
And Clicks on login button..................................................passed
Then User is navigated to the home page.....................................passed
]]></system-out>
</testcase>
</testsuite>
